2024-12-31 19:06:45,813 [Worker-0: Loading available Gradle versions] INFO  o.e.b.c.i.u.g.PublishedGradleVersions - Gradle version information cache is not available. Remote download required.
2025-01-01 17:19:49,255 [Worker-1: Loading available Gradle versions] INFO  o.e.b.c.i.u.g.PublishedGradleVersions - Gradle version information cache is up-to-date. Trying to read.
2025-01-01 19:21:39,720 [Worker-0: Loading available Gradle versions] INFO  o.e.b.c.i.u.g.PublishedGradleVersions - Gradle version information cache is out-of-date. Trying to update.
2025-01-02 17:39:39,131 [Worker-1: Loading available Gradle versions] INFO  o.e.b.c.i.u.g.PublishedGradleVersions - Gradle version information cache is up-to-date. Trying to read.
2025-01-02 19:14:35,784 [ModalContext] INFO  o.e.m.c.i.e.AbstractTransferListenerAdapter - Downloading https://repo.maven.apache.org/maven2/com/github/ywchang/maven-archetype-quickstart/1.1/maven-archetype-quickstart-1.1.pom
2025-01-02 19:14:36,055 [ModalContext] INFO  o.e.m.c.i.e.AbstractTransferListenerAdapter - Downloaded https://repo.maven.apache.org/maven2/com/github/ywchang/maven-archetype-quickstart/1.1/maven-archetype-quickstart-1.1.pom
2025-01-02 19:14:36,305 [ModalContext] INFO  o.e.m.c.i.e.AbstractTransferListenerAdapter - Downloading https://repo.maven.apache.org/maven2/com/github/ywchang/maven-archetype-quickstart/1.1/maven-archetype-quickstart-1.1.jar
2025-01-02 19:14:36,668 [ModalContext] INFO  o.e.m.c.i.e.AbstractTransferListenerAdapter - Downloaded https://repo.maven.apache.org/maven2/com/github/ywchang/maven-archetype-quickstart/1.1/maven-archetype-quickstart-1.1.jar
2025-01-02 19:19:13,251 [Worker-5: Launching mavenrun-9a773c27-95e8-485b-a18f-0ef382e0abc0] INFO  o.eclipse.m2e.core.internal.Bundles - getClasspathEntries(Bundle=org.eclipse.m2e.maven.runtime_3.9.900.20240824-1409 [300])
2025-01-02 19:19:13,257 [Worker-5: Launching mavenrun-9a773c27-95e8-485b-a18f-0ef382e0abc0] INFO  o.eclipse.m2e.core.internal.Bundles - 	Entry: C:\Users\HP\.p2\pool\plugins\org.eclipse.m2e.maven.runtime_3.9.900.20240824-1409
2025-01-02 19:19:13,259 [Worker-5: Launching mavenrun-9a773c27-95e8-485b-a18f-0ef382e0abc0] INFO  o.eclipse.m2e.core.internal.Bundles - 	Entry: C:\Users\HP\.p2\pool\plugins\org.eclipse.m2e.maven.runtime_3.9.900.20240824-1409\jars\aopalliance-1.0.jar
2025-01-02 19:19:13,260 [Worker-5: Launching mavenrun-9a773c27-95e8-485b-a18f-0ef382e0abc0] INFO  o.eclipse.m2e.core.internal.Bundles - 	Entry: C:\Users\HP\.p2\pool\plugins\org.eclipse.m2e.maven.runtime_3.9.900.20240824-1409\jars\guice-5.1.0.jar
2025-01-02 19:19:13,261 [Worker-5: Launching mavenrun-9a773c27-95e8-485b-a18f-0ef382e0abc0] INFO  o.eclipse.m2e.core.internal.Bundles - 	Entry: C:\Users\HP\.p2\pool\plugins\org.eclipse.m2e.maven.runtime_3.9.900.20240824-1409\jars\httpclient-4.5.14.jar
2025-01-02 19:19:13,262 [Worker-5: Launching mavenrun-9a773c27-95e8-485b-a18f-0ef382e0abc0] INFO  o.eclipse.m2e.core.internal.Bundles - 	Entry: C:\Users\HP\.p2\pool\plugins\org.eclipse.m2e.maven.runtime_3.9.900.20240824-1409\jars\httpcore-4.4.16.jar
2025-01-02 19:19:13,263 [Worker-5: Launching mavenrun-9a773c27-95e8-485b-a18f-0ef382e0abc0] INFO  o.eclipse.m2e.core.internal.Bundles - 	Entry: C:\Users\HP\.p2\pool\plugins\org.eclipse.m2e.maven.runtime_3.9.900.20240824-1409\jars\jansi-2.4.1.jar
2025-01-02 19:19:13,264 [Worker-5: Launching mavenrun-9a773c27-95e8-485b-a18f-0ef382e0abc0] INFO  o.eclipse.m2e.core.internal.Bundles - 	Entry: C:\Users\HP\.p2\pool\plugins\org.eclipse.m2e.maven.runtime_3.9.900.20240824-1409\jars\jcl-over-slf4j-1.7.36.jar
2025-01-02 19:19:13,265 [Worker-5: Launching mavenrun-9a773c27-95e8-485b-a18f-0ef382e0abc0] INFO  o.eclipse.m2e.core.internal.Bundles - 	Entry: C:\Users\HP\.p2\pool\plugins\org.eclipse.m2e.maven.runtime_3.9.900.20240824-1409\jars\maven-artifact-3.9.9.jar
2025-01-02 19:19:13,266 [Worker-5: Launching mavenrun-9a773c27-95e8-485b-a18f-0ef382e0abc0] INFO  o.eclipse.m2e.core.internal.Bundles - 	Entry: C:\Users\HP\.p2\pool\plugins\org.eclipse.m2e.maven.runtime_3.9.900.20240824-1409\jars\maven-builder-support-3.9.9.jar
2025-01-02 19:19:13,268 [Worker-5: Launching mavenrun-9a773c27-95e8-485b-a18f-0ef382e0abc0] INFO  o.eclipse.m2e.core.internal.Bundles - 	Entry: C:\Users\HP\.p2\pool\plugins\org.eclipse.m2e.maven.runtime_3.9.900.20240824-1409\jars\maven-compat-3.9.9.jar
2025-01-02 19:19:13,270 [Worker-5: Launching mavenrun-9a773c27-95e8-485b-a18f-0ef382e0abc0] INFO  o.eclipse.m2e.core.internal.Bundles - 	Entry: C:\Users\HP\.p2\pool\plugins\org.eclipse.m2e.maven.runtime_3.9.900.20240824-1409\jars\maven-core-3.9.9.jar
2025-01-02 19:19:13,271 [Worker-5: Launching mavenrun-9a773c27-95e8-485b-a18f-0ef382e0abc0] INFO  o.eclipse.m2e.core.internal.Bundles - 	Entry: C:\Users\HP\.p2\pool\plugins\org.eclipse.m2e.maven.runtime_3.9.900.20240824-1409\jars\maven-embedder-3.9.9.jar
2025-01-02 19:19:13,272 [Worker-5: Launching mavenrun-9a773c27-95e8-485b-a18f-0ef382e0abc0] INFO  o.eclipse.m2e.core.internal.Bundles - 	Entry: C:\Users\HP\.p2\pool\plugins\org.eclipse.m2e.maven.runtime_3.9.900.20240824-1409\jars\maven-model-3.9.9.jar
2025-01-02 19:19:13,274 [Worker-5: Launching mavenrun-9a773c27-95e8-485b-a18f-0ef382e0abc0] INFO  o.eclipse.m2e.core.internal.Bundles - 	Entry: C:\Users\HP\.p2\pool\plugins\org.eclipse.m2e.maven.runtime_3.9.900.20240824-1409\jars\maven-model-builder-3.9.9.jar
2025-01-02 19:19:13,275 [Worker-5: Launching mavenrun-9a773c27-95e8-485b-a18f-0ef382e0abc0] INFO  o.eclipse.m2e.core.internal.Bundles - 	Entry: C:\Users\HP\.p2\pool\plugins\org.eclipse.m2e.maven.runtime_3.9.900.20240824-1409\jars\maven-plugin-api-3.9.9.jar
2025-01-02 19:19:13,276 [Worker-5: Launching mavenrun-9a773c27-95e8-485b-a18f-0ef382e0abc0] INFO  o.eclipse.m2e.core.internal.Bundles - 	Entry: C:\Users\HP\.p2\pool\plugins\org.eclipse.m2e.maven.runtime_3.9.900.20240824-1409\jars\maven-repository-metadata-3.9.9.jar
2025-01-02 19:19:13,277 [Worker-5: Launching mavenrun-9a773c27-95e8-485b-a18f-0ef382e0abc0] INFO  o.eclipse.m2e.core.internal.Bundles - 	Entry: C:\Users\HP\.p2\pool\plugins\org.eclipse.m2e.maven.runtime_3.9.900.20240824-1409\jars\maven-resolver-api-1.9.22.jar
2025-01-02 19:19:13,279 [Worker-5: Launching mavenrun-9a773c27-95e8-485b-a18f-0ef382e0abc0] INFO  o.eclipse.m2e.core.internal.Bundles - 	Entry: C:\Users\HP\.p2\pool\plugins\org.eclipse.m2e.maven.runtime_3.9.900.20240824-1409\jars\maven-resolver-connector-basic-1.9.22.jar
2025-01-02 19:19:13,280 [Worker-5: Launching mavenrun-9a773c27-95e8-485b-a18f-0ef382e0abc0] INFO  o.eclipse.m2e.core.internal.Bundles - 	Entry: C:\Users\HP\.p2\pool\plugins\org.eclipse.m2e.maven.runtime_3.9.900.20240824-1409\jars\maven-resolver-impl-1.9.22.jar
2025-01-02 19:19:13,281 [Worker-5: Launching mavenrun-9a773c27-95e8-485b-a18f-0ef382e0abc0] INFO  o.eclipse.m2e.core.internal.Bundles - 	Entry: C:\Users\HP\.p2\pool\plugins\org.eclipse.m2e.maven.runtime_3.9.900.20240824-1409\jars\maven-resolver-named-locks-1.9.22.jar
2025-01-02 19:19:13,282 [Worker-5: Launching mavenrun-9a773c27-95e8-485b-a18f-0ef382e0abc0] INFO  o.eclipse.m2e.core.internal.Bundles - 	Entry: C:\Users\HP\.p2\pool\plugins\org.eclipse.m2e.maven.runtime_3.9.900.20240824-1409\jars\maven-resolver-provider-3.9.9.jar
2025-01-02 19:19:13,283 [Worker-5: Launching mavenrun-9a773c27-95e8-485b-a18f-0ef382e0abc0] INFO  o.eclipse.m2e.core.internal.Bundles - 	Entry: C:\Users\HP\.p2\pool\plugins\org.eclipse.m2e.maven.runtime_3.9.900.20240824-1409\jars\maven-resolver-spi-1.9.22.jar
2025-01-02 19:19:13,288 [Worker-5: Launching mavenrun-9a773c27-95e8-485b-a18f-0ef382e0abc0] INFO  o.eclipse.m2e.core.internal.Bundles - 	Entry: C:\Users\HP\.p2\pool\plugins\org.eclipse.m2e.maven.runtime_3.9.900.20240824-1409\jars\maven-resolver-transport-file-1.9.22.jar
2025-01-02 19:19:13,289 [Worker-5: Launching mavenrun-9a773c27-95e8-485b-a18f-0ef382e0abc0] INFO  o.eclipse.m2e.core.internal.Bundles - 	Entry: C:\Users\HP\.p2\pool\plugins\org.eclipse.m2e.maven.runtime_3.9.900.20240824-1409\jars\maven-resolver-transport-http-1.9.22.jar
2025-01-02 19:19:13,290 [Worker-5: Launching mavenrun-9a773c27-95e8-485b-a18f-0ef382e0abc0] INFO  o.eclipse.m2e.core.internal.Bundles - 	Entry: C:\Users\HP\.p2\pool\plugins\org.eclipse.m2e.maven.runtime_3.9.900.20240824-1409\jars\maven-resolver-transport-wagon-1.9.22.jar
2025-01-02 19:19:13,292 [Worker-5: Launching mavenrun-9a773c27-95e8-485b-a18f-0ef382e0abc0] INFO  o.eclipse.m2e.core.internal.Bundles - 	Entry: C:\Users\HP\.p2\pool\plugins\org.eclipse.m2e.maven.runtime_3.9.900.20240824-1409\jars\maven-resolver-util-1.9.22.jar
2025-01-02 19:19:13,293 [Worker-5: Launching mavenrun-9a773c27-95e8-485b-a18f-0ef382e0abc0] INFO  o.eclipse.m2e.core.internal.Bundles - 	Entry: C:\Users\HP\.p2\pool\plugins\org.eclipse.m2e.maven.runtime_3.9.900.20240824-1409\jars\maven-settings-3.9.9.jar
2025-01-02 19:19:13,294 [Worker-5: Launching mavenrun-9a773c27-95e8-485b-a18f-0ef382e0abc0] INFO  o.eclipse.m2e.core.internal.Bundles - 	Entry: C:\Users\HP\.p2\pool\plugins\org.eclipse.m2e.maven.runtime_3.9.900.20240824-1409\jars\maven-settings-builder-3.9.9.jar
2025-01-02 19:19:13,297 [Worker-5: Launching mavenrun-9a773c27-95e8-485b-a18f-0ef382e0abc0] INFO  o.eclipse.m2e.core.internal.Bundles - 	Entry: C:\Users\HP\.p2\pool\plugins\org.eclipse.m2e.maven.runtime_3.9.900.20240824-1409\jars\maven-shared-utils-3.4.2.jar
2025-01-02 19:19:13,303 [Worker-5: Launching mavenrun-9a773c27-95e8-485b-a18f-0ef382e0abc0] INFO  o.eclipse.m2e.core.internal.Bundles - 	Entry: C:\Users\HP\.p2\pool\plugins\org.eclipse.m2e.maven.runtime_3.9.900.20240824-1409\jars\org.eclipse.sisu.inject-0.9.0.M3.jar
2025-01-02 19:19:13,304 [Worker-5: Launching mavenrun-9a773c27-95e8-485b-a18f-0ef382e0abc0] INFO  o.eclipse.m2e.core.internal.Bundles - 	Entry: C:\Users\HP\.p2\pool\plugins\org.eclipse.m2e.maven.runtime_3.9.900.20240824-1409\jars\org.eclipse.sisu.plexus-0.9.0.M3.jar
2025-01-02 19:19:13,305 [Worker-5: Launching mavenrun-9a773c27-95e8-485b-a18f-0ef382e0abc0] INFO  o.eclipse.m2e.core.internal.Bundles - 	Entry: C:\Users\HP\.p2\pool\plugins\org.eclipse.m2e.maven.runtime_3.9.900.20240824-1409\jars\plexus-build-api-0.0.7.jar
2025-01-02 19:19:13,307 [Worker-5: Launching mavenrun-9a773c27-95e8-485b-a18f-0ef382e0abc0] INFO  o.eclipse.m2e.core.internal.Bundles - 	Entry: C:\Users\HP\.p2\pool\plugins\org.eclipse.m2e.maven.runtime_3.9.900.20240824-1409\jars\plexus-build-api-1.2.0.jar
2025-01-02 19:19:13,308 [Worker-5: Launching mavenrun-9a773c27-95e8-485b-a18f-0ef382e0abc0] INFO  o.eclipse.m2e.core.internal.Bundles - 	Entry: C:\Users\HP\.p2\pool\plugins\org.eclipse.m2e.maven.runtime_3.9.900.20240824-1409\jars\plexus-cipher-2.0.jar
2025-01-02 19:19:13,309 [Worker-5: Launching mavenrun-9a773c27-95e8-485b-a18f-0ef382e0abc0] INFO  o.eclipse.m2e.core.internal.Bundles - 	Entry: C:\Users\HP\.p2\pool\plugins\org.eclipse.m2e.maven.runtime_3.9.900.20240824-1409\jars\plexus-classworlds-2.8.0.jar
2025-01-02 19:19:13,311 [Worker-5: Launching mavenrun-9a773c27-95e8-485b-a18f-0ef382e0abc0] INFO  o.eclipse.m2e.core.internal.Bundles - 	Entry: C:\Users\HP\.p2\pool\plugins\org.eclipse.m2e.maven.runtime_3.9.900.20240824-1409\jars\plexus-component-annotations-2.1.0.jar
2025-01-02 19:19:13,312 [Worker-5: Launching mavenrun-9a773c27-95e8-485b-a18f-0ef382e0abc0] INFO  o.eclipse.m2e.core.internal.Bundles - 	Entry: C:\Users\HP\.p2\pool\plugins\org.eclipse.m2e.maven.runtime_3.9.900.20240824-1409\jars\plexus-interpolation-1.27.jar
2025-01-02 19:19:13,313 [Worker-5: Launching mavenrun-9a773c27-95e8-485b-a18f-0ef382e0abc0] INFO  o.eclipse.m2e.core.internal.Bundles - 	Entry: C:\Users\HP\.p2\pool\plugins\org.eclipse.m2e.maven.runtime_3.9.900.20240824-1409\jars\plexus-sec-dispatcher-2.0.jar
2025-01-02 19:19:13,314 [Worker-5: Launching mavenrun-9a773c27-95e8-485b-a18f-0ef382e0abc0] INFO  o.eclipse.m2e.core.internal.Bundles - 	Entry: C:\Users\HP\.p2\pool\plugins\org.eclipse.m2e.maven.runtime_3.9.900.20240824-1409\jars\plexus-utils-3.5.1.jar
2025-01-02 19:19:13,315 [Worker-5: Launching mavenrun-9a773c27-95e8-485b-a18f-0ef382e0abc0] INFO  o.eclipse.m2e.core.internal.Bundles - 	Entry: C:\Users\HP\.p2\pool\plugins\org.eclipse.m2e.maven.runtime_3.9.900.20240824-1409\jars\plexus-xml-3.0.1.jar
2025-01-02 19:19:13,316 [Worker-5: Launching mavenrun-9a773c27-95e8-485b-a18f-0ef382e0abc0] INFO  o.eclipse.m2e.core.internal.Bundles - 	Entry: C:\Users\HP\.p2\pool\plugins\org.eclipse.m2e.maven.runtime_3.9.900.20240824-1409\jars\wagon-file-3.5.3.jar
2025-01-02 19:19:13,318 [Worker-5: Launching mavenrun-9a773c27-95e8-485b-a18f-0ef382e0abc0] INFO  o.eclipse.m2e.core.internal.Bundles - 	Entry: C:\Users\HP\.p2\pool\plugins\org.eclipse.m2e.maven.runtime_3.9.900.20240824-1409\jars\wagon-http-3.5.3.jar
2025-01-02 19:19:13,318 [Worker-5: Launching mavenrun-9a773c27-95e8-485b-a18f-0ef382e0abc0] INFO  o.eclipse.m2e.core.internal.Bundles - 	Entry: C:\Users\HP\.p2\pool\plugins\org.eclipse.m2e.maven.runtime_3.9.900.20240824-1409\jars\wagon-http-shared-3.5.3.jar
2025-01-02 19:19:13,319 [Worker-5: Launching mavenrun-9a773c27-95e8-485b-a18f-0ef382e0abc0] INFO  o.eclipse.m2e.core.internal.Bundles - 	Entry: C:\Users\HP\.p2\pool\plugins\org.eclipse.m2e.maven.runtime_3.9.900.20240824-1409\jars\wagon-provider-api-3.5.3.jar
2025-01-02 19:19:13,419 [Worker-5: Launching mavenrun-9a773c27-95e8-485b-a18f-0ef382e0abc0] INFO  o.eclipse.m2e.core.internal.Bundles - getClasspathEntries(Bundle=com.google.guava_33.3.1.jre [10])
2025-01-02 19:19:13,421 [Worker-5: Launching mavenrun-9a773c27-95e8-485b-a18f-0ef382e0abc0] INFO  o.eclipse.m2e.core.internal.Bundles - 	Entry: C:\Users\HP\.p2\pool\plugins\com.google.guava_33.3.1.jre.jar
2025-01-02 19:19:13,421 [Worker-5: Launching mavenrun-9a773c27-95e8-485b-a18f-0ef382e0abc0] INFO  o.eclipse.m2e.core.internal.Bundles - getClasspathEntries(Bundle=slf4j.api_2.0.16 [524])
2025-01-02 19:19:13,422 [Worker-5: Launching mavenrun-9a773c27-95e8-485b-a18f-0ef382e0abc0] INFO  o.eclipse.m2e.core.internal.Bundles - 	Entry: C:\Users\HP\.p2\pool\plugins\slf4j.api_2.0.16.jar
2025-01-02 19:19:13,423 [Worker-5: Launching mavenrun-9a773c27-95e8-485b-a18f-0ef382e0abc0] INFO  o.eclipse.m2e.core.internal.Bundles - getClasspathEntries(Bundle=jakarta.inject.jakarta.inject-api_1.0.5 [22])
2025-01-02 19:19:13,424 [Worker-5: Launching mavenrun-9a773c27-95e8-485b-a18f-0ef382e0abc0] INFO  o.eclipse.m2e.core.internal.Bundles - 	Entry: C:\Users\HP\.p2\pool\plugins\jakarta.inject.jakarta.inject-api_1.0.5.jar
2025-01-02 19:19:13,424 [Worker-5: Launching mavenrun-9a773c27-95e8-485b-a18f-0ef382e0abc0] INFO  o.eclipse.m2e.core.internal.Bundles - getClasspathEntries(Bundle=jakarta.annotation-api_1.3.5 [20])
2025-01-02 19:19:13,426 [Worker-5: Launching mavenrun-9a773c27-95e8-485b-a18f-0ef382e0abc0] INFO  o.eclipse.m2e.core.internal.Bundles - 	Entry: C:\Users\HP\.p2\pool\plugins\jakarta.annotation-api_1.3.5.jar
2025-01-02 19:19:13,426 [Worker-5: Launching mavenrun-9a773c27-95e8-485b-a18f-0ef382e0abc0] INFO  o.eclipse.m2e.core.internal.Bundles - getClasspathEntries(Bundle=org.apache.commons.cli_1.9.0 [47])
2025-01-02 19:19:13,428 [Worker-5: Launching mavenrun-9a773c27-95e8-485b-a18f-0ef382e0abc0] INFO  o.eclipse.m2e.core.internal.Bundles - 	Entry: C:\Users\HP\.p2\pool\plugins\org.apache.commons.cli_1.9.0.jar
2025-01-02 19:19:13,428 [Worker-5: Launching mavenrun-9a773c27-95e8-485b-a18f-0ef382e0abc0] INFO  o.eclipse.m2e.core.internal.Bundles - getClasspathEntries(Bundle=org.apache.commons.commons-codec_1.16.0 [50])
2025-01-02 19:19:13,429 [Worker-5: Launching mavenrun-9a773c27-95e8-485b-a18f-0ef382e0abc0] INFO  o.eclipse.m2e.core.internal.Bundles - 	Entry: C:\Users\HP\.p2\pool\plugins\org.apache.commons.commons-codec_1.16.0.jar
2025-01-02 19:19:13,430 [Worker-5: Launching mavenrun-9a773c27-95e8-485b-a18f-0ef382e0abc0] INFO  o.eclipse.m2e.core.internal.Bundles - getClasspathEntries(Bundle=com.google.guava.failureaccess_1.0.2 [11])
2025-01-02 19:19:13,434 [Worker-5: Launching mavenrun-9a773c27-95e8-485b-a18f-0ef382e0abc0] INFO  o.eclipse.m2e.core.internal.Bundles - 	Entry: C:\Users\HP\.p2\pool\plugins\com.google.guava.failureaccess_1.0.2.jar
2025-01-02 19:19:13,450 [Worker-5: Launching mavenrun-9a773c27-95e8-485b-a18f-0ef382e0abc0] INFO  o.e.m.i.launch.MavenLaunchDelegate - Run build in "C:\Users\HP\AppData\Local\Temp\m2e-archetypeGenerator18398158536571886489":
2025-01-02 19:19:13,466 [Worker-5: Launching mavenrun-9a773c27-95e8-485b-a18f-0ef382e0abc0] INFO  o.e.m.i.launch.MavenLaunchDelegate -  mvn  -DarchetypeGroupId=com.github.ywchang -DarchetypeArtifactId=maven-archetype-quickstart -DarchetypeVersion=1.1 -DgroupId=1 -DartifactId=1 -Dversion=0.0.1-SNAPSHOT -Dpackage=Gamers_gaming_data_CRUD -DoutputDirectory=E:\JAVA_Projects\JDBC_To_Connect_SSMS_with_Eclipse\CRUD_OPERATIONS_with_JDBC -Dstyle.color=always -U archetype:generate
2025-01-02 19:51:59,159 [Worker-1: Loading available Gradle versions] INFO  o.e.b.c.i.u.g.PublishedGradleVersions - Gradle version information cache is out-of-date. Trying to update.
2025-01-02 20:02:28,993 [ModalContext] INFO  o.e.m.c.i.e.AbstractTransferListenerAdapter - Downloading https://repo.maven.apache.org/maven2/am/ik/archetype/mvc-1.0-blank-archetype/1.0.0-m02/mvc-1.0-blank-archetype-1.0.0-m02.pom
2025-01-02 20:02:29,150 [ModalContext] INFO  o.e.m.c.i.e.AbstractTransferListenerAdapter - Downloaded https://repo.maven.apache.org/maven2/am/ik/archetype/mvc-1.0-blank-archetype/1.0.0-m02/mvc-1.0-blank-archetype-1.0.0-m02.pom
2025-01-02 20:02:29,381 [ModalContext] INFO  o.e.m.c.i.e.AbstractTransferListenerAdapter - Downloading https://repo.maven.apache.org/maven2/am/ik/archetype/mvc-1.0-blank-archetype/1.0.0-m02/mvc-1.0-blank-archetype-1.0.0-m02.jar
2025-01-02 20:02:29,511 [ModalContext] INFO  o.e.m.c.i.e.AbstractTransferListenerAdapter - Downloaded https://repo.maven.apache.org/maven2/am/ik/archetype/mvc-1.0-blank-archetype/1.0.0-m02/mvc-1.0-blank-archetype-1.0.0-m02.jar
2025-01-03 21:37:51,958 [Worker-1: Loading available Gradle versions] INFO  o.e.b.c.i.u.g.PublishedGradleVersions - Gradle version information cache is out-of-date. Trying to update.
2025-01-06 10:26:13,783 [Worker-1: Loading available Gradle versions] INFO  o.e.b.c.i.u.g.PublishedGradleVersions - Gradle version information cache is out-of-date. Trying to update.
2025-01-06 10:26:27,518 [Worker-1: Loading available Gradle versions] INFO  o.e.b.c.i.u.g.PublishedGradleVersions - Updating Gradle version information cache failed. Using outdated cache.
2025-01-06 17:51:29,565 [Worker-2: Loading available Gradle versions] INFO  o.e.b.c.i.u.g.PublishedGradleVersions - Gradle version information cache is out-of-date. Trying to update.
2025-01-06 17:51:56,286 [Worker-2: Loading available Gradle versions] INFO  o.e.b.c.i.u.g.PublishedGradleVersions - Updating Gradle version information cache failed. Using outdated cache.
2025-01-07 10:08:24,502 [Worker-0: Loading available Gradle versions] INFO  o.e.b.c.i.u.g.PublishedGradleVersions - Gradle version information cache is out-of-date. Trying to update.
2025-01-07 10:08:39,024 [Worker-0: Loading available Gradle versions] INFO  o.e.b.c.i.u.g.PublishedGradleVersions - Updating Gradle version information cache failed. Using outdated cache.
2025-01-07 18:18:26,349 [Worker-7: Loading available Gradle versions] INFO  o.e.b.c.i.u.g.PublishedGradleVersions - Gradle version information cache is out-of-date. Trying to update.
2025-01-08 10:27:20,168 [Worker-0: Loading available Gradle versions] INFO  o.e.b.c.i.u.g.PublishedGradleVersions - Gradle version information cache is up-to-date. Trying to read.
2025-01-08 14:30:35,764 [Worker-0: Loading available Gradle versions] INFO  o.e.b.c.i.u.g.PublishedGradleVersions - Gradle version information cache is up-to-date. Trying to read.
2025-01-09 10:34:04,719 [Worker-1: Loading available Gradle versions] INFO  o.e.b.c.i.u.g.PublishedGradleVersions - Gradle version information cache is out-of-date. Trying to update.
2025-01-09 10:34:10,962 [Worker-1: Loading available Gradle versions] INFO  o.e.b.c.i.u.g.PublishedGradleVersions - Updating Gradle version information cache failed. Using outdated cache.
2025-01-09 17:36:01,995 [Worker-0: Loading available Gradle versions] INFO  o.e.b.c.i.u.g.PublishedGradleVersions - Gradle version information cache is out-of-date. Trying to update.
2025-01-09 18:34:49,433 [Worker-0: Loading available Gradle versions] INFO  o.e.b.c.i.u.g.PublishedGradleVersions - Gradle version information cache is up-to-date. Trying to read.
2025-01-09 19:11:44,993 [Worker-5: Loading available Gradle versions] INFO  o.e.b.c.i.u.g.PublishedGradleVersions - Gradle version information cache is up-to-date. Trying to read.
2025-01-10 09:56:55,482 [Worker-0: Loading available Gradle versions] INFO  o.e.b.c.i.u.g.PublishedGradleVersions - Gradle version information cache is up-to-date. Trying to read.
2025-01-10 10:56:32,285 [Worker-0: Loading available Gradle versions] INFO  o.e.b.c.i.u.g.PublishedGradleVersions - Gradle version information cache is up-to-date. Trying to read.
